2025-06-15 02:22:39,463 - INFO - Starting Income Estimation Model Training...
2025-06-15 02:22:39,471 - INFO - Configuration loaded from config/config.json
2025-06-15 02:22:39,472 - INFO - Configuration validation passed
2025-06-15 02:22:39,473 - INFO - Output directories created
2025-06-15 02:22:39,473 - INFO - Loading data...
2025-06-15 02:22:39,493 - INFO - Data shape: (400, 89)
2025-06-15 02:22:39,494 - INFO - Performing feature engineering...
2025-06-15 02:22:40,084 - INFO - Feature engineering completed. New shape: (400, 91)
2025-06-15 02:22:40,085 - INFO - Features shape: (400, 90)
2025-06-15 02:22:40,085 - INFO - Target shape: (400,)
2025-06-15 02:22:40,086 - INFO - Target statistics - Mean: 36284.47, Std: 32109.00
2025-06-15 02:22:40,093 - INFO - Train set size: 320
2025-06-15 02:22:40,093 - INFO - Test set size: 80
2025-06-15 02:22:40,094 - INFO - Initializing ensemble model...
2025-06-15 02:22:40,094 - INFO - Training ensemble model...
2025-06-15 02:30:52,238 - INFO - Making predictions...
2025-06-15 02:30:53,137 - INFO - 
==================================================
2025-06-15 02:30:53,137 - INFO - TRAINING METRICS:
2025-06-15 02:30:53,137 - INFO - RMSE: 18419.0927
2025-06-15 02:30:53,137 - INFO - MAE: 7512.1642
2025-06-15 02:30:53,137 - INFO - R2: 0.7097
2025-06-15 02:30:53,137 - INFO - MAPE: 19.4853
2025-06-15 02:30:53,137 - INFO - MEDIAN_APE: 9.7701
2025-06-15 02:30:53,137 - INFO - COVERAGE_10_PCT: 50.9375
2025-06-15 02:30:53,137 - INFO - COVERAGE_25_PCT: 78.7500
2025-06-15 02:30:53,137 - INFO - COVERAGE_50_PCT: 92.5000
2025-06-15 02:30:53,137 - INFO - COVERAGE_5K: 67.5000
2025-06-15 02:30:53,137 - INFO - COVERAGE_10K: 83.1250
2025-06-15 02:30:53,137 - INFO - MEAN_PREDICTION: 36002.1098
2025-06-15 02:30:53,137 - INFO - STD_PREDICTION: 23153.2492
2025-06-15 02:30:53,137 - INFO - PREDICTION_RANGE: 95701.1395
2025-06-15 02:30:53,137 - INFO - BIAS: -1845.2994
2025-06-15 02:30:53,137 - INFO - BIAS_PERCENTAGE: -4.8756
2025-06-15 02:30:53,137 - INFO - 
==================================================
2025-06-15 02:30:53,137 - INFO - TEST METRICS:
2025-06-15 02:30:53,152 - INFO - RMSE: 11628.0409
2025-06-15 02:30:53,152 - INFO - MAE: 7421.2600
2025-06-15 02:30:53,152 - INFO - R2: 0.6766
2025-06-15 02:30:53,152 - INFO - MAPE: 30.8600
2025-06-15 02:30:53,152 - INFO - MEDIAN_APE: 15.3103
2025-06-15 02:30:53,152 - INFO - COVERAGE_10_PCT: 30.0000
2025-06-15 02:30:53,152 - INFO - COVERAGE_25_PCT: 70.0000
2025-06-15 02:30:53,152 - INFO - COVERAGE_50_PCT: 83.7500
2025-06-15 02:30:53,152 - INFO - COVERAGE_5K: 57.5000
2025-06-15 02:30:53,152 - INFO - COVERAGE_10K: 75.0000
2025-06-15 02:30:53,152 - INFO - MEAN_PREDICTION: 31041.6121
2025-06-15 02:30:53,152 - INFO - STD_PREDICTION: 17613.3963
2025-06-15 02:30:53,152 - INFO - PREDICTION_RANGE: 78314.6013
2025-06-15 02:30:53,152 - INFO - BIAS: 1008.9080
2025-06-15 02:30:53,152 - INFO - BIAS_PERCENTAGE: 3.3594
2025-06-15 02:30:53,152 - INFO - 
OVERFITTING ANALYSIS:
2025-06-15 02:30:53,152 - INFO - R² difference (train - test): 0.0331
2025-06-15 02:30:53,152 - INFO - RMSE ratio (test / train): 0.6313
2025-06-15 02:30:53,152 - INFO - Saving models and results...
2025-06-15 02:30:53,574 - INFO - Training completed successfully!
2025-06-15 02:30:53,574 - INFO - Results saved to output/training_results.json
2025-06-15 02:31:32,098 - INFO - Prediction plots generated
