2025-06-15 16:49:15,427 - INFO - Starting Income Estimation Model Training...
2025-06-15 16:49:15,443 - INFO - Configuration loaded from config/config.json
2025-06-15 16:49:15,443 - INFO - Configuration validation passed
2025-06-15 16:49:15,443 - INFO - Output directories created
2025-06-15 16:49:15,443 - INFO - Loading data...
2025-06-15 16:49:15,458 - INFO - Data shape: (400, 89)
2025-06-15 16:49:15,458 - INFO - Performing feature engineering...
2025-06-15 16:49:16,037 - INFO - Feature engineering completed. New shape: (400, 91)
2025-06-15 16:49:16,037 - INFO - Features shape: (400, 90)
2025-06-15 16:49:16,037 - INFO - Target shape: (400,)
2025-06-15 16:49:16,037 - INFO - Target statistics - Mean: 36284.47, Std: 32109.00
2025-06-15 16:49:16,052 - INFO - Train set size: 320
2025-06-15 16:49:16,052 - INFO - Test set size: 80
2025-06-15 16:49:16,052 - INFO - Initializing ensemble model...
2025-06-15 16:49:16,052 - INFO - Training ensemble model...
2025-06-15 16:54:04,558 - INFO - Making predictions...
2025-06-15 16:54:05,577 - INFO - 
==================================================
2025-06-15 16:54:05,577 - INFO - TRAINING METRICS:
2025-06-15 16:54:05,592 - INFO - RMSE: 19193.9944
2025-06-15 16:54:05,592 - INFO - MAE: 8512.3653
2025-06-15 16:54:05,592 - INFO - R2: 0.6848
2025-06-15 16:54:05,592 - INFO - MAPE: 23.1117
2025-06-15 16:54:05,592 - INFO - MEDIAN_APE: 13.6734
2025-06-15 16:54:05,592 - INFO - COVERAGE_10_PCT: 38.7500
2025-06-15 16:54:05,592 - INFO - COVERAGE_25_PCT: 72.1875
2025-06-15 16:54:05,592 - INFO - COVERAGE_50_PCT: 90.3125
2025-06-15 16:54:05,592 - INFO - COVERAGE_5K: 60.3125
2025-06-15 16:54:05,592 - INFO - COVERAGE_10K: 82.5000
2025-06-15 16:54:05,592 - INFO - MEAN_PREDICTION: 35938.6859
2025-06-15 16:54:05,592 - INFO - STD_PREDICTION: 22296.7503
2025-06-15 16:54:05,608 - INFO - PREDICTION_RANGE: 88931.4162
2025-06-15 16:54:05,608 - INFO - BIAS: -1908.7233
2025-06-15 16:54:05,608 - INFO - BIAS_PERCENTAGE: -5.0432
2025-06-15 16:54:05,608 - INFO - 
==================================================
2025-06-15 16:54:05,608 - INFO - TEST METRICS:
2025-06-15 16:54:05,608 - INFO - RMSE: 11748.2515
2025-06-15 16:54:05,608 - INFO - MAE: 7668.0566
2025-06-15 16:54:05,624 - INFO - R2: 0.6699
2025-06-15 16:54:05,624 - INFO - MAPE: 31.7622
2025-06-15 16:54:05,624 - INFO - MEDIAN_APE: 18.1962
2025-06-15 16:54:05,624 - INFO - COVERAGE_10_PCT: 30.0000
2025-06-15 16:54:05,624 - INFO - COVERAGE_25_PCT: 62.5000
2025-06-15 16:54:05,624 - INFO - COVERAGE_50_PCT: 85.0000
2025-06-15 16:54:05,624 - INFO - COVERAGE_5K: 55.0000
2025-06-15 16:54:05,624 - INFO - COVERAGE_10K: 77.5000
2025-06-15 16:54:05,624 - INFO - MEAN_PREDICTION: 30888.3975
2025-06-15 16:54:05,624 - INFO - STD_PREDICTION: 17122.5564
2025-06-15 16:54:05,624 - INFO - PREDICTION_RANGE: 77929.0409
2025-06-15 16:54:05,624 - INFO - BIAS: 855.6933
2025-06-15 16:54:05,624 - INFO - BIAS_PERCENTAGE: 2.8492
2025-06-15 16:54:05,624 - INFO - 
OVERFITTING ANALYSIS:
2025-06-15 16:54:05,624 - INFO - R² difference (train - test): 0.0149
2025-06-15 16:54:05,624 - INFO - RMSE ratio (test / train): 0.6121
2025-06-15 16:54:05,639 - INFO - Saving models and results...
2025-06-15 16:54:06,014 - INFO - Training completed successfully!
2025-06-15 16:54:06,014 - INFO - Results saved to output/training_results.json
2025-06-15 16:54:09,189 - INFO - Prediction plots generated
